{
  "/Users/patryk/Workspace/bottega/webcon/webapp-tests/commitlint.config.mjs": {
    "path": "/Users/patryk/Workspace/bottega/webcon/webapp-tests/commitlint.config.mjs",
    "all": true,
    "statementMap": {
      "0": { "start": { "line": 1, "column": 0 }, "end": { "line": 1, "column": 23 } },
      "1": { "start": { "line": 2, "column": 0 }, "end": { "line": 2, "column": 47 } },
      "2": { "start": { "line": 3, "column": 0 }, "end": { "line": 3, "column": 2 } },
      "3": { "start": { "line": 4, "column": 0 }, "end": { "line": 4, "column": 0 } },
      "4": { "start": { "line": 5, "column": 0 }, "end": { "line": 5, "column": 29 } }
    },
    "s": { "0": 0, "1": 0, "2": 0, "3": 0, "4": 0 },
    "branchMap": {
      "0": {
        "type": "branch",
        "line": 1,
        "loc": { "start": { "line": 1, "column": 0 }, "end": { "line": 5, "column": 14 } },
        "locations": [{ "start": { "line": 1, "column": 0 }, "end": { "line": 5, "column": 14 } }]
      }
    },
    "b": { "0": [0] },
    "fnMap": {
      "0": {
        "name": "(empty-report)",
        "decl": { "start": { "line": 1, "column": 0 }, "end": { "line": 5, "column": 14 } },
        "loc": { "start": { "line": 1, "column": 0 }, "end": { "line": 5, "column": 14 } },
        "line": 1
      }
    },
    "f": { "0": 0 }
  },
  "/Users/patryk/Workspace/bottega/webcon/webapp-tests/postcss.config.js": {
    "path": "/Users/patryk/Workspace/bottega/webcon/webapp-tests/postcss.config.js",
    "all": true,
    "statementMap": {
      "0": { "start": { "line": 1, "column": 0 }, "end": { "line": 1, "column": 16 } },
      "1": { "start": { "line": 2, "column": 0 }, "end": { "line": 2, "column": 12 } },
      "2": { "start": { "line": 3, "column": 0 }, "end": { "line": 3, "column": 20 } },
      "3": { "start": { "line": 4, "column": 0 }, "end": { "line": 4, "column": 21 } },
      "4": { "start": { "line": 5, "column": 0 }, "end": { "line": 5, "column": 4 } },
      "5": { "start": { "line": 6, "column": 0 }, "end": { "line": 6, "column": 1 } }
    },
    "s": { "0": 0, "1": 0, "2": 0, "3": 0, "4": 0, "5": 0 },
    "branchMap": {
      "0": {
        "type": "branch",
        "line": 1,
        "loc": { "start": { "line": 1, "column": 0 }, "end": { "line": 6, "column": -11 } },
        "locations": [{ "start": { "line": 1, "column": 0 }, "end": { "line": 6, "column": -11 } }]
      }
    },
    "b": { "0": [0] },
    "fnMap": {
      "0": {
        "name": "(empty-report)",
        "decl": { "start": { "line": 1, "column": 0 }, "end": { "line": 6, "column": -11 } },
        "loc": { "start": { "line": 1, "column": 0 }, "end": { "line": 6, "column": -11 } },
        "line": 1
      }
    },
    "f": { "0": 0 }
  },
  "/Users/patryk/Workspace/bottega/webcon/webapp-tests/tailwind.config.js": {
    "path": "/Users/patryk/Workspace/bottega/webcon/webapp-tests/tailwind.config.js",
    "all": true,
    "statementMap": {
      "0": { "start": { "line": 1, "column": 0 }, "end": { "line": 1, "column": 43 } },
      "1": { "start": { "line": 2, "column": 0 }, "end": { "line": 2, "column": 16 } },
      "2": { "start": { "line": 3, "column": 0 }, "end": { "line": 3, "column": 58 } },
      "3": { "start": { "line": 4, "column": 0 }, "end": { "line": 4, "column": 20 } },
      "4": { "start": { "line": 5, "column": 0 }, "end": { "line": 5, "column": 10 } },
      "5": { "start": { "line": 6, "column": 0 }, "end": { "line": 6, "column": 15 } },
      "6": { "start": { "line": 7, "column": 0 }, "end": { "line": 7, "column": 4 } },
      "7": { "start": { "line": 8, "column": 0 }, "end": { "line": 8, "column": 14 } },
      "8": { "start": { "line": 9, "column": 0 }, "end": { "line": 9, "column": 2 } }
    },
    "s": { "0": 0, "1": 0, "2": 0, "3": 0, "4": 0, "5": 0, "6": 0, "7": 0, "8": 0 },
    "branchMap": {
      "0": {
        "type": "branch",
        "line": 1,
        "loc": { "start": { "line": 1, "column": 0 }, "end": { "line": 9, "column": -13 } },
        "locations": [{ "start": { "line": 1, "column": 0 }, "end": { "line": 9, "column": -13 } }]
      }
    },
    "b": { "0": [0] },
    "fnMap": {
      "0": {
        "name": "(empty-report)",
        "decl": { "start": { "line": 1, "column": 0 }, "end": { "line": 9, "column": -13 } },
        "loc": { "start": { "line": 1, "column": 0 }, "end": { "line": 9, "column": -13 } },
        "line": 1
      }
    },
    "f": { "0": 0 }
  },
  "/Users/patryk/Workspace/bottega/webcon/webapp-tests/src/App.tsx": {
    "path": "/Users/patryk/Workspace/bottega/webcon/webapp-tests/src/App.tsx",
    "all": true,
    "statementMap": {
      "0": { "start": { "line": 1, "column": 0 }, "end": { "line": 1, "column": 19 } },
      "2": { "start": { "line": 3, "column": 0 }, "end": { "line": 3, "column": 50 } },
      "3": { "start": { "line": 4, "column": 0 }, "end": { "line": 4, "column": 32 } },
      "5": { "start": { "line": 6, "column": 0 }, "end": { "line": 6, "column": 73 } },
      "6": { "start": { "line": 7, "column": 0 }, "end": { "line": 7, "column": 68 } },
      "8": { "start": { "line": 9, "column": 0 }, "end": { "line": 9, "column": 38 } },
      "10": { "start": { "line": 11, "column": 0 }, "end": { "line": 11, "column": 16 } },
      "11": { "start": { "line": 12, "column": 0 }, "end": { "line": 12, "column": 10 } },
      "12": { "start": { "line": 13, "column": 0 }, "end": { "line": 13, "column": 6 } },
      "13": { "start": { "line": 14, "column": 0 }, "end": { "line": 14, "column": 48 } },
      "14": { "start": { "line": 15, "column": 0 }, "end": { "line": 15, "column": 42 } },
      "15": { "start": { "line": 16, "column": 0 }, "end": { "line": 16, "column": 51 } },
      "16": { "start": { "line": 17, "column": 0 }, "end": { "line": 17, "column": 28 } },
      "17": { "start": { "line": 18, "column": 0 }, "end": { "line": 18, "column": 7 } },
      "19": { "start": { "line": 20, "column": 0 }, "end": { "line": 20, "column": 1 } },
      "21": { "start": { "line": 22, "column": 0 }, "end": { "line": 22, "column": 19 } }
    },
    "s": {
      "0": 0,
      "2": 0,
      "3": 0,
      "5": 0,
      "6": 0,
      "8": 0,
      "10": 0,
      "11": 0,
      "12": 0,
      "13": 0,
      "14": 0,
      "15": 0,
      "16": 0,
      "17": 0,
      "19": 0,
      "21": 0
    },
    "branchMap": {
      "0": {
        "type": "branch",
        "line": 1,
        "loc": { "start": { "line": 1, "column": 533 }, "end": { "line": 22, "column": 19 } },
        "locations": [
          { "start": { "line": 1, "column": 533 }, "end": { "line": 22, "column": 19 } }
        ]
      }
    },
    "b": { "0": [0] },
    "fnMap": {
      "0": {
        "name": "(empty-report)",
        "decl": { "start": { "line": 1, "column": 533 }, "end": { "line": 22, "column": 19 } },
        "loc": { "start": { "line": 1, "column": 533 }, "end": { "line": 22, "column": 19 } },
        "line": 1
      }
    },
    "f": { "0": 0 }
  },
  "/Users/patryk/Workspace/bottega/webcon/webapp-tests/src/main.tsx": {
    "path": "/Users/patryk/Workspace/bottega/webcon/webapp-tests/src/main.tsx",
    "all": true,
    "statementMap": {
      "0": { "start": { "line": 1, "column": 0 }, "end": { "line": 1, "column": 35 } },
      "1": { "start": { "line": 2, "column": 0 }, "end": { "line": 2, "column": 46 } },
      "2": { "start": { "line": 3, "column": 0 }, "end": { "line": 3, "column": 24 } },
      "3": { "start": { "line": 4, "column": 0 }, "end": { "line": 4, "column": 21 } },
      "4": { "start": { "line": 5, "column": 0 }, "end": { "line": 5, "column": 28 } },
      "6": { "start": { "line": 7, "column": 0 }, "end": { "line": 7, "column": 28 } },
      "7": { "start": { "line": 8, "column": 0 }, "end": { "line": 8, "column": 32 } },
      "8": { "start": { "line": 9, "column": 0 }, "end": { "line": 9, "column": 29 } },
      "10": { "start": { "line": 11, "column": 0 }, "end": { "line": 11, "column": 3 } },
      "12": { "start": { "line": 13, "column": 0 }, "end": { "line": 13, "column": 39 } },
      "13": { "start": { "line": 14, "column": 0 }, "end": { "line": 14, "column": 5 } },
      "14": { "start": { "line": 15, "column": 0 }, "end": { "line": 15, "column": 56 } },
      "15": { "start": { "line": 16, "column": 0 }, "end": { "line": 16, "column": 17 } },
      "16": { "start": { "line": 17, "column": 0 }, "end": { "line": 17, "column": 66 } },
      "17": { "start": { "line": 18, "column": 0 }, "end": { "line": 18, "column": 18 } },
      "18": { "start": { "line": 19, "column": 0 }, "end": { "line": 19, "column": 1 } },
      "20": { "start": { "line": 21, "column": 0 }, "end": { "line": 21, "column": 52 } },
      "21": { "start": { "line": 22, "column": 0 }, "end": { "line": 22, "column": 14 } },
      "22": { "start": { "line": 23, "column": 0 }, "end": { "line": 23, "column": 11 } },
      "23": { "start": { "line": 24, "column": 0 }, "end": { "line": 24, "column": 16 } },
      "24": { "start": { "line": 25, "column": 0 }, "end": { "line": 25, "column": 2 } }
    },
    "s": {
      "0": 0,
      "1": 0,
      "2": 0,
      "3": 0,
      "4": 0,
      "6": 0,
      "7": 0,
      "8": 0,
      "10": 0,
      "12": 0,
      "13": 0,
      "14": 0,
      "15": 0,
      "16": 0,
      "17": 0,
      "18": 0,
      "20": 0,
      "21": 0,
      "22": 0,
      "23": 0,
      "24": 0
    },
    "branchMap": {
      "0": {
        "type": "branch",
        "line": 1,
        "loc": { "start": { "line": 1, "column": 0 }, "end": { "line": 25, "column": -463 } },
        "locations": [
          { "start": { "line": 1, "column": 0 }, "end": { "line": 25, "column": -463 } }
        ]
      }
    },
    "b": { "0": [0] },
    "fnMap": {
      "0": {
        "name": "(empty-report)",
        "decl": { "start": { "line": 1, "column": 0 }, "end": { "line": 25, "column": -463 } },
        "loc": { "start": { "line": 1, "column": 0 }, "end": { "line": 25, "column": -463 } },
        "line": 1
      }
    },
    "f": { "0": 0 }
  },
  "/Users/patryk/Workspace/bottega/webcon/webapp-tests/src/routes.tsx": {
    "path": "/Users/patryk/Workspace/bottega/webcon/webapp-tests/src/routes.tsx",
    "all": true,
    "statementMap": {
      "0": { "start": { "line": 1, "column": 0 }, "end": { "line": 1, "column": 55 } },
      "17": { "start": { "line": 18, "column": 0 }, "end": { "line": 18, "column": 29 } },
      "18": { "start": { "line": 19, "column": 0 }, "end": { "line": 19, "column": 9 } },
      "19": { "start": { "line": 20, "column": 0 }, "end": { "line": 20, "column": 14 } },
      "20": { "start": { "line": 21, "column": 0 }, "end": { "line": 21, "column": 18 } },
      "21": { "start": { "line": 22, "column": 0 }, "end": { "line": 22, "column": 4 } },
      "22": { "start": { "line": 23, "column": 0 }, "end": { "line": 23, "column": 15 } },
      "23": { "start": { "line": 24, "column": 0 }, "end": { "line": 24, "column": 19 } },
      "24": { "start": { "line": 25, "column": 0 }, "end": { "line": 25, "column": 19 } },
      "25": { "start": { "line": 26, "column": 0 }, "end": { "line": 26, "column": 4 } },
      "26": { "start": { "line": 27, "column": 0 }, "end": { "line": 27, "column": 13 } },
      "27": { "start": { "line": 28, "column": 0 }, "end": { "line": 28, "column": 22 } },
      "28": { "start": { "line": 29, "column": 0 }, "end": { "line": 29, "column": 22 } },
      "29": { "start": { "line": 30, "column": 0 }, "end": { "line": 30, "column": 4 } },
      "30": { "start": { "line": 31, "column": 0 }, "end": { "line": 31, "column": 17 } },
      "31": { "start": { "line": 32, "column": 0 }, "end": { "line": 32, "column": 27 } },
      "32": { "start": { "line": 33, "column": 0 }, "end": { "line": 33, "column": 26 } },
      "33": { "start": { "line": 34, "column": 0 }, "end": { "line": 34, "column": 4 } },
      "34": { "start": { "line": 35, "column": 0 }, "end": { "line": 35, "column": 11 } },
      "36": { "start": { "line": 37, "column": 0 }, "end": { "line": 37, "column": 43 } },
      "37": { "start": { "line": 38, "column": 0 }, "end": { "line": 38, "column": 3 } },
      "38": { "start": { "line": 39, "column": 0 }, "end": { "line": 39, "column": 26 } },
      "39": { "start": { "line": 40, "column": 0 }, "end": { "line": 40, "column": 24 } },
      "40": { "start": { "line": 41, "column": 0 }, "end": { "line": 41, "column": 15 } },
      "41": { "start": { "line": 42, "column": 0 }, "end": { "line": 42, "column": 7 } },
      "42": { "start": { "line": 43, "column": 0 }, "end": { "line": 43, "column": 30 } },
      "43": { "start": { "line": 44, "column": 0 }, "end": { "line": 44, "column": 30 } },
      "44": { "start": { "line": 45, "column": 0 }, "end": { "line": 45, "column": 8 } },
      "45": { "start": { "line": 46, "column": 0 }, "end": { "line": 46, "column": 7 } },
      "46": { "start": { "line": 47, "column": 0 }, "end": { "line": 47, "column": 36 } },
      "47": { "start": { "line": 48, "column": 0 }, "end": { "line": 48, "column": 31 } },
      "48": { "start": { "line": 49, "column": 0 }, "end": { "line": 49, "column": 8 } },
      "49": { "start": { "line": 50, "column": 0 }, "end": { "line": 50, "column": 7 } },
      "50": { "start": { "line": 51, "column": 0 }, "end": { "line": 51, "column": 38 } },
      "51": { "start": { "line": 52, "column": 0 }, "end": { "line": 52, "column": 33 } },
      "52": { "start": { "line": 53, "column": 0 }, "end": { "line": 53, "column": 8 } },
      "53": { "start": { "line": 54, "column": 0 }, "end": { "line": 54, "column": 7 } },
      "54": { "start": { "line": 55, "column": 0 }, "end": { "line": 55, "column": 34 } },
      "55": { "start": { "line": 56, "column": 0 }, "end": { "line": 56, "column": 30 } },
      "56": { "start": { "line": 57, "column": 0 }, "end": { "line": 57, "column": 8 } },
      "57": { "start": { "line": 58, "column": 0 }, "end": { "line": 58, "column": 6 } },
      "58": { "start": { "line": 59, "column": 0 }, "end": { "line": 59, "column": 4 } },
      "59": { "start": { "line": 60, "column": 0 }, "end": { "line": 60, "column": 3 } }
    },
    "s": {
      "0": 0,
      "17": 0,
      "18": 0,
      "19": 0,
      "20": 0,
      "21": 0,
      "22": 0,
      "23": 0,
      "24": 0,
      "25": 0,
      "26": 0,
      "27": 0,
      "28": 0,
      "29": 0,
      "30": 0,
      "31": 0,
      "32": 0,
      "33": 0,
      "34": 0,
      "36": 0,
      "37": 0,
      "38": 0,
      "39": 0,
      "40": 0,
      "41": 0,
      "42": 0,
      "43": 0,
      "44": 0,
      "45": 0,
      "46": 0,
      "47": 0,
      "48": 0,
      "49": 0,
      "50": 0,
      "51": 0,
      "52": 0,
      "53": 0,
      "54": 0,
      "55": 0,
      "56": 0,
      "57": 0,
      "58": 0,
      "59": 0
    },
    "branchMap": {
      "0": {
        "type": "branch",
        "line": 1,
        "loc": { "start": { "line": 1, "column": 1178 }, "end": { "line": 60, "column": 3 } },
        "locations": [
          { "start": { "line": 1, "column": 1178 }, "end": { "line": 60, "column": 3 } }
        ]
      }
    },
    "b": { "0": [0] },
    "fnMap": {
      "0": {
        "name": "(empty-report)",
        "decl": { "start": { "line": 1, "column": 1178 }, "end": { "line": 60, "column": 3 } },
        "loc": { "start": { "line": 1, "column": 1178 }, "end": { "line": 60, "column": 3 } },
        "line": 1
      }
    },
    "f": { "0": 0 }
  },
  "/Users/patryk/Workspace/bottega/webcon/webapp-tests/src/components/FileDetails.tsx": {
    "path": "/Users/patryk/Workspace/bottega/webcon/webapp-tests/src/components/FileDetails.tsx",
    "all": true,
    "statementMap": {
      "0": { "start": { "line": 1, "column": 0 }, "end": { "line": 1, "column": 24 } },
      "1": { "start": { "line": 2, "column": 0 }, "end": { "line": 2, "column": 44 } },
      "2": { "start": { "line": 3, "column": 0 }, "end": { "line": 3, "column": 45 } },
      "14": { "start": { "line": 15, "column": 0 }, "end": { "line": 15, "column": 27 } },
      "15": { "start": { "line": 16, "column": 0 }, "end": { "line": 16, "column": 29 } },
      "16": { "start": { "line": 17, "column": 0 }, "end": { "line": 17, "column": 49 } },
      "17": { "start": { "line": 18, "column": 0 }, "end": { "line": 18, "column": 54 } },
      "18": { "start": { "line": 19, "column": 0 }, "end": { "line": 19, "column": 33 } },
      "19": { "start": { "line": 20, "column": 0 }, "end": { "line": 20, "column": 77 } },
      "20": { "start": { "line": 21, "column": 0 }, "end": { "line": 21, "column": 7 } },
      "21": { "start": { "line": 22, "column": 0 }, "end": { "line": 22, "column": 22 } },
      "22": { "start": { "line": 23, "column": 0 }, "end": { "line": 23, "column": 18 } },
      "23": { "start": { "line": 24, "column": 0 }, "end": { "line": 24, "column": 24 } },
      "24": { "start": { "line": 25, "column": 0 }, "end": { "line": 25, "column": 104 } },
      "25": { "start": { "line": 26, "column": 0 }, "end": { "line": 26, "column": 10 } },
      "26": { "start": { "line": 27, "column": 0 }, "end": { "line": 27, "column": 8 } },
      "27": { "start": { "line": 28, "column": 0 }, "end": { "line": 28, "column": 6 } },
      "28": { "start": { "line": 29, "column": 0 }, "end": { "line": 29, "column": 26 } },
      "29": { "start": { "line": 30, "column": 0 }, "end": { "line": 30, "column": 39 } },
      "30": { "start": { "line": 31, "column": 0 }, "end": { "line": 31, "column": 16 } },
      "31": { "start": { "line": 32, "column": 0 }, "end": { "line": 32, "column": 4 } },
      "33": { "start": { "line": 34, "column": 0 }, "end": { "line": 34, "column": 19 } },
      "34": { "start": { "line": 35, "column": 0 }, "end": { "line": 35, "column": 30 } },
      "35": { "start": { "line": 36, "column": 0 }, "end": { "line": 36, "column": 41 } },
      "36": { "start": { "line": 37, "column": 0 }, "end": { "line": 37, "column": 24 } },
      "37": { "start": { "line": 38, "column": 0 }, "end": { "line": 38, "column": 6 } },
      "38": { "start": { "line": 39, "column": 0 }, "end": { "line": 39, "column": 11 } },
      "39": { "start": { "line": 40, "column": 0 }, "end": { "line": 40, "column": 9 } },
      "41": { "start": { "line": 42, "column": 0 }, "end": { "line": 42, "column": 10 } },
      "42": { "start": { "line": 43, "column": 0 }, "end": { "line": 43, "column": 9 } },
      "43": { "start": { "line": 44, "column": 0 }, "end": { "line": 44, "column": 16 } },
      "44": { "start": { "line": 45, "column": 0 }, "end": { "line": 45, "column": 13 } },
      "45": { "start": { "line": 46, "column": 0 }, "end": { "line": 46, "column": 35 } },
      "46": { "start": { "line": 47, "column": 0 }, "end": { "line": 47, "column": 42 } },
      "47": { "start": { "line": 48, "column": 0 }, "end": { "line": 48, "column": 14 } },
      "49": { "start": { "line": 50, "column": 0 }, "end": { "line": 50, "column": 10 } },
      "51": { "start": { "line": 52, "column": 0 }, "end": { "line": 52, "column": 2 } },
      "52": { "start": { "line": 53, "column": 0 }, "end": { "line": 53, "column": 27 } }
    },
    "s": {
      "0": 0,
      "1": 0,
      "2": 0,
      "14": 0,
      "15": 0,
      "16": 0,
      "17": 0,
      "18": 0,
      "19": 0,
      "20": 0,
      "21": 0,
      "22": 0,
      "23": 0,
      "24": 0,
      "25": 0,
      "26": 0,
      "27": 0,
      "28": 0,
      "29": 0,
      "30": 0,
      "31": 0,
      "33": 0,
      "34": 0,
      "35": 0,
      "36": 0,
      "37": 0,
      "38": 0,
      "39": 0,
      "41": 0,
      "42": 0,
      "43": 0,
      "44": 0,
      "45": 0,
      "46": 0,
      "47": 0,
      "49": 0,
      "51": 0,
      "52": 0
    },
    "branchMap": {
      "0": {
        "type": "branch",
        "line": 1,
        "loc": { "start": { "line": 1, "column": 0 }, "end": { "line": 53, "column": -127 } },
        "locations": [
          { "start": { "line": 1, "column": 0 }, "end": { "line": 53, "column": -127 } }
        ]
      }
    },
    "b": { "0": [0] },
    "fnMap": {
      "0": {
        "name": "(empty-report)",
        "decl": { "start": { "line": 1, "column": 0 }, "end": { "line": 53, "column": -127 } },
        "loc": { "start": { "line": 1, "column": 0 }, "end": { "line": 53, "column": -127 } },
        "line": 1
      }
    },
    "f": { "0": 0 }
  },
  "/Users/patryk/Workspace/bottega/webcon/webapp-tests/src/components/FileForm.tsx": {
    "path": "/Users/patryk/Workspace/bottega/webcon/webapp-tests/src/components/FileForm.tsx",
    "all": true,
    "statementMap": {
      "0": { "start": { "line": 1, "column": 0 }, "end": { "line": 1, "column": 24 } },
      "1": { "start": { "line": 2, "column": 0 }, "end": { "line": 2, "column": 24 } },
      "2": { "start": { "line": 3, "column": 0 }, "end": { "line": 3, "column": 69 } },
      "3": { "start": { "line": 4, "column": 0 }, "end": { "line": 4, "column": 27 } },
      "5": { "start": { "line": 6, "column": 0 }, "end": { "line": 6, "column": 84 } },
      "6": { "start": { "line": 7, "column": 0 }, "end": { "line": 7, "column": 61 } },
      "7": { "start": { "line": 8, "column": 0 }, "end": { "line": 8, "column": 68 } },
      "8": { "start": { "line": 9, "column": 0 }, "end": { "line": 9, "column": 61 } },
      "10": { "start": { "line": 11, "column": 0 }, "end": { "line": 11, "column": 66 } },
      "11": { "start": { "line": 12, "column": 0 }, "end": { "line": 12, "column": 21 } },
      "12": { "start": { "line": 13, "column": 0 }, "end": { "line": 13, "column": 28 } },
      "13": { "start": { "line": 14, "column": 0 }, "end": { "line": 14, "column": 22 } },
      "14": { "start": { "line": 15, "column": 0 }, "end": { "line": 15, "column": 102 } },
      "15": { "start": { "line": 16, "column": 0 }, "end": { "line": 16, "column": 43 } },
      "16": { "start": { "line": 17, "column": 0 }, "end": { "line": 17, "column": 9 } },
      "17": { "start": { "line": 18, "column": 0 }, "end": { "line": 18, "column": 28 } },
      "18": { "start": { "line": 19, "column": 0 }, "end": { "line": 19, "column": 18 } },
      "19": { "start": { "line": 20, "column": 0 }, "end": { "line": 20, "column": 11 } },
      "20": { "start": { "line": 21, "column": 0 }, "end": { "line": 21, "column": 21 } },
      "21": { "start": { "line": 22, "column": 0 }, "end": { "line": 22, "column": 19 } },
      "22": { "start": { "line": 23, "column": 0 }, "end": { "line": 23, "column": 26 } },
      "23": { "start": { "line": 24, "column": 0 }, "end": { "line": 24, "column": 19 } },
      "24": { "start": { "line": 25, "column": 0 }, "end": { "line": 25, "column": 14 } },
      "25": { "start": { "line": 26, "column": 0 }, "end": { "line": 26, "column": 12 } },
      "26": { "start": { "line": 27, "column": 0 }, "end": { "line": 27, "column": 10 } },
      "27": { "start": { "line": 28, "column": 0 }, "end": { "line": 28, "column": 9 } },
      "28": { "start": { "line": 29, "column": 0 }, "end": { "line": 29, "column": 7 } },
      "29": { "start": { "line": 30, "column": 0 }, "end": { "line": 30, "column": 4 } },
      "31": { "start": { "line": 32, "column": 0 }, "end": { "line": 32, "column": 10 } },
      "32": { "start": { "line": 33, "column": 0 }, "end": { "line": 33, "column": 34 } },
      "33": { "start": { "line": 34, "column": 0 }, "end": { "line": 34, "column": 40 } },
      "34": { "start": { "line": 35, "column": 0 }, "end": { "line": 35, "column": 40 } },
      "36": { "start": { "line": 37, "column": 0 }, "end": { "line": 37, "column": 12 } },
      "38": { "start": { "line": 39, "column": 0 }, "end": { "line": 39, "column": 54 } },
      "39": { "start": { "line": 40, "column": 0 }, "end": { "line": 40, "column": 47 } },
      "41": { "start": { "line": 42, "column": 0 }, "end": { "line": 42, "column": 12 } },
      "43": { "start": { "line": 44, "column": 0 }, "end": { "line": 44, "column": 40 } },
      "44": { "start": { "line": 45, "column": 0 }, "end": { "line": 45, "column": 40 } },
      "46": { "start": { "line": 47, "column": 0 }, "end": { "line": 47, "column": 12 } },
      "48": { "start": { "line": 49, "column": 0 }, "end": { "line": 49, "column": 44 } },
      "49": { "start": { "line": 50, "column": 0 }, "end": { "line": 50, "column": 11 } },
      "51": { "start": { "line": 52, "column": 0 }, "end": { "line": 52, "column": 2 } },
      "53": { "start": { "line": 54, "column": 0 }, "end": { "line": 54, "column": 24 } }
    },
    "s": {
      "0": 0,
      "1": 0,
      "2": 0,
      "3": 0,
      "5": 0,
      "6": 0,
      "7": 0,
      "8": 0,
      "10": 0,
      "11": 0,
      "12": 0,
      "13": 0,
      "14": 0,
      "15": 0,
      "16": 0,
      "17": 0,
      "18": 0,
      "19": 0,
      "20": 0,
      "21": 0,
      "22": 0,
      "23": 0,
      "24": 0,
      "25": 0,
      "26": 0,
      "27": 0,
      "28": 0,
      "29": 0,
      "31": 0,
      "32": 0,
      "33": 0,
      "34": 0,
      "36": 0,
      "38": 0,
      "39": 0,
      "41": 0,
      "43": 0,
      "44": 0,
      "46": 0,
      "48": 0,
      "49": 0,
      "51": 0,
      "53": 0
    },
    "branchMap": {
      "0": {
        "type": "branch",
        "line": 1,
        "loc": { "start": { "line": 1, "column": 0 }, "end": { "line": 54, "column": -330 } },
        "locations": [
          { "start": { "line": 1, "column": 0 }, "end": { "line": 54, "column": -330 } }
        ]
      }
    },
    "b": { "0": [0] },
    "fnMap": {
      "0": {
        "name": "(empty-report)",
        "decl": { "start": { "line": 1, "column": 0 }, "end": { "line": 54, "column": -330 } },
        "loc": { "start": { "line": 1, "column": 0 }, "end": { "line": 54, "column": -330 } },
        "line": 1
      }
    },
    "f": { "0": 0 }
  },
  "/Users/patryk/Workspace/bottega/webcon/webapp-tests/src/components/FilesList.tsx": {
    "path": "/Users/patryk/Workspace/bottega/webcon/webapp-tests/src/components/FilesList.tsx",
    "all": true,
    "statementMap": {
      "0": { "start": { "line": 1, "column": 0 }, "end": { "line": 1, "column": 24 } },
      "1": { "start": { "line": 2, "column": 0 }, "end": { "line": 2, "column": 44 } },
      "2": { "start": { "line": 3, "column": 0 }, "end": { "line": 3, "column": 40 } },
      "36": { "start": { "line": 37, "column": 0 }, "end": { "line": 37, "column": 25 } },
      "37": { "start": { "line": 38, "column": 0 }, "end": { "line": 38, "column": 48 } },
      "38": { "start": { "line": 39, "column": 0 }, "end": { "line": 39, "column": 20 } },
      "39": { "start": { "line": 40, "column": 0 }, "end": { "line": 40, "column": 19 } },
      "40": { "start": { "line": 41, "column": 0 }, "end": { "line": 41, "column": 20 } },
      "41": { "start": { "line": 42, "column": 0 }, "end": { "line": 42, "column": 5 } },
      "43": { "start": { "line": 44, "column": 0 }, "end": { "line": 44, "column": 50 } },
      "44": { "start": { "line": 45, "column": 0 }, "end": { "line": 45, "column": 89 } },
      "45": { "start": { "line": 46, "column": 0 }, "end": { "line": 46, "column": 20 } },
      "46": { "start": { "line": 47, "column": 0 }, "end": { "line": 47, "column": 16 } },
      "47": { "start": { "line": 48, "column": 0 }, "end": { "line": 48, "column": 22 } },
      "48": { "start": { "line": 49, "column": 0 }, "end": { "line": 49, "column": 102 } },
      "49": { "start": { "line": 50, "column": 0 }, "end": { "line": 50, "column": 8 } },
      "50": { "start": { "line": 51, "column": 0 }, "end": { "line": 51, "column": 7 } },
      "51": { "start": { "line": 52, "column": 0 }, "end": { "line": 52, "column": 26 } },
      "52": { "start": { "line": 53, "column": 0 }, "end": { "line": 53, "column": 39 } },
      "53": { "start": { "line": 54, "column": 0 }, "end": { "line": 54, "column": 16 } },
      "54": { "start": { "line": 55, "column": 0 }, "end": { "line": 55, "column": 4 } },
      "56": { "start": { "line": 57, "column": 0 }, "end": { "line": 57, "column": 19 } },
      "57": { "start": { "line": 58, "column": 0 }, "end": { "line": 58, "column": 30 } },
      "58": { "start": { "line": 59, "column": 0 }, "end": { "line": 59, "column": 43 } },
      "59": { "start": { "line": 60, "column": 0 }, "end": { "line": 60, "column": 17 } },
      "60": { "start": { "line": 61, "column": 0 }, "end": { "line": 61, "column": 25 } },
      "61": { "start": { "line": 62, "column": 0 }, "end": { "line": 62, "column": 23 } },
      "62": { "start": { "line": 63, "column": 0 }, "end": { "line": 63, "column": 24 } },
      "63": { "start": { "line": 64, "column": 0 }, "end": { "line": 64, "column": 9 } },
      "65": { "start": { "line": 66, "column": 0 }, "end": { "line": 66, "column": 6 } },
      "66": { "start": { "line": 67, "column": 0 }, "end": { "line": 67, "column": 11 } },
      "67": { "start": { "line": 68, "column": 0 }, "end": { "line": 68, "column": 9 } },
      "69": { "start": { "line": 70, "column": 0 }, "end": { "line": 70, "column": 23 } },
      "70": { "start": { "line": 71, "column": 0 }, "end": { "line": 71, "column": 32 } },
      "71": { "start": { "line": 72, "column": 0 }, "end": { "line": 72, "column": 3 } },
      "73": { "start": { "line": 74, "column": 0 }, "end": { "line": 74, "column": 25 } },
      "74": { "start": { "line": 75, "column": 0 }, "end": { "line": 75, "column": 31 } },
      "75": { "start": { "line": 76, "column": 0 }, "end": { "line": 76, "column": 3 } },
      "77": { "start": { "line": 78, "column": 0 }, "end": { "line": 78, "column": 10 } },
      "78": { "start": { "line": 79, "column": 0 }, "end": { "line": 79, "column": 9 } },
      "79": { "start": { "line": 80, "column": 0 }, "end": { "line": 80, "column": 44 } },
      "80": { "start": { "line": 81, "column": 0 }, "end": { "line": 81, "column": 47 } },
      "81": { "start": { "line": 82, "column": 0 }, "end": { "line": 82, "column": 16 } },
      "82": { "start": { "line": 83, "column": 0 }, "end": { "line": 83, "column": 15 } },
      "83": { "start": { "line": 84, "column": 0 }, "end": { "line": 84, "column": 57 } },
      "84": { "start": { "line": 85, "column": 0 }, "end": { "line": 85, "column": 59 } },
      "85": { "start": { "line": 86, "column": 0 }, "end": { "line": 86, "column": 19 } },
      "86": { "start": { "line": 87, "column": 0 }, "end": { "line": 87, "column": 16 } },
      "88": { "start": { "line": 89, "column": 0 }, "end": { "line": 89, "column": 9 } },
      "89": { "start": { "line": 90, "column": 0 }, "end": { "line": 90, "column": 10 } },
      "91": { "start": { "line": 92, "column": 0 }, "end": { "line": 92, "column": 2 } },
      "92": { "start": { "line": 93, "column": 0 }, "end": { "line": 93, "column": 25 } }
    },
    "s": {
      "0": 0,
      "1": 0,
      "2": 0,
      "36": 0,
      "37": 0,
      "38": 0,
      "39": 0,
      "40": 0,
      "41": 0,
      "43": 0,
      "44": 0,
      "45": 0,
      "46": 0,
      "47": 0,
      "48": 0,
      "49": 0,
      "50": 0,
      "51": 0,
      "52": 0,
      "53": 0,
      "54": 0,
      "56": 0,
      "57": 0,
      "58": 0,
      "59": 0,
      "60": 0,
      "61": 0,
      "62": 0,
      "63": 0,
      "65": 0,
      "66": 0,
      "67": 0,
      "69": 0,
      "70": 0,
      "71": 0,
      "73": 0,
      "74": 0,
      "75": 0,
      "77": 0,
      "78": 0,
      "79": 0,
      "80": 0,
      "81": 0,
      "82": 0,
      "83": 0,
      "84": 0,
      "85": 0,
      "86": 0,
      "88": 0,
      "89": 0,
      "91": 0,
      "92": 0
    },
    "branchMap": {
      "0": {
        "type": "branch",
        "line": 1,
        "loc": { "start": { "line": 1, "column": 0 }, "end": { "line": 93, "column": -182 } },
        "locations": [
          { "start": { "line": 1, "column": 0 }, "end": { "line": 93, "column": -182 } }
        ]
      }
    },
    "b": { "0": [0] },
    "fnMap": {
      "0": {
        "name": "(empty-report)",
        "decl": { "start": { "line": 1, "column": 0 }, "end": { "line": 93, "column": -182 } },
        "loc": { "start": { "line": 1, "column": 0 }, "end": { "line": 93, "column": -182 } },
        "line": 1
      }
    },
    "f": { "0": 0 }
  },
  "/Users/patryk/Workspace/bottega/webcon/webapp-tests/src/components/index.ts": {
    "path": "/Users/patryk/Workspace/bottega/webcon/webapp-tests/src/components/index.ts",
    "all": true,
    "statementMap": {
      "0": { "start": { "line": 1, "column": 0 }, "end": { "line": 1, "column": 34 } }
    },
    "s": { "0": 0 },
    "branchMap": {
      "0": {
        "type": "branch",
        "line": 1,
        "loc": { "start": { "line": 1, "column": 0 }, "end": { "line": 1, "column": 34 } },
        "locations": [{ "start": { "line": 1, "column": 0 }, "end": { "line": 1, "column": 34 } }]
      }
    },
    "b": { "0": [0] },
    "fnMap": {
      "0": {
        "name": "(empty-report)",
        "decl": { "start": { "line": 1, "column": 0 }, "end": { "line": 1, "column": 34 } },
        "loc": { "start": { "line": 1, "column": 0 }, "end": { "line": 1, "column": 34 } },
        "line": 1
      }
    },
    "f": { "0": 0 }
  },
  "/Users/patryk/Workspace/bottega/webcon/webapp-tests/src/components/Layout/Footer.tsx": {
    "path": "/Users/patryk/Workspace/bottega/webcon/webapp-tests/src/components/Layout/Footer.tsx",
    "all": true,
    "statementMap": {
      "0": { "start": { "line": 1, "column": 0 }, "end": { "line": 1, "column": 29 } },
      "1": { "start": { "line": 2, "column": 0 }, "end": { "line": 2, "column": 10 } },
      "2": { "start": { "line": 3, "column": 0 }, "end": { "line": 3, "column": 100 } },
      "3": { "start": { "line": 4, "column": 0 }, "end": { "line": 4, "column": 29 } },
      "4": { "start": { "line": 5, "column": 0 }, "end": { "line": 5, "column": 10 } },
      "6": { "start": { "line": 7, "column": 0 }, "end": { "line": 7, "column": 2 } }
    },
    "s": { "0": 0, "1": 0, "2": 0, "3": 0, "4": 0, "6": 0 },
    "branchMap": {
      "0": {
        "type": "branch",
        "line": 1,
        "loc": { "start": { "line": 1, "column": 0 }, "end": { "line": 7, "column": -138 } },
        "locations": [{ "start": { "line": 1, "column": 0 }, "end": { "line": 7, "column": -138 } }]
      }
    },
    "b": { "0": [0] },
    "fnMap": {
      "0": {
        "name": "(empty-report)",
        "decl": { "start": { "line": 1, "column": 0 }, "end": { "line": 7, "column": -138 } },
        "loc": { "start": { "line": 1, "column": 0 }, "end": { "line": 7, "column": -138 } },
        "line": 1
      }
    },
    "f": { "0": 0 }
  },
  "/Users/patryk/Workspace/bottega/webcon/webapp-tests/src/components/Layout/Layout.tsx": {
    "path": "/Users/patryk/Workspace/bottega/webcon/webapp-tests/src/components/Layout/Layout.tsx",
    "all": true,
    "statementMap": {
      "0": { "start": { "line": 1, "column": 0 }, "end": { "line": 1, "column": 42 } },
      "5": { "start": { "line": 6, "column": 0 }, "end": { "line": 6, "column": 29 } },
      "6": { "start": { "line": 7, "column": 0 }, "end": { "line": 7, "column": 10 } },
      "7": { "start": { "line": 8, "column": 0 }, "end": { "line": 8, "column": 39 } },
      "8": { "start": { "line": 9, "column": 0 }, "end": { "line": 9, "column": 14 } },
      "9": { "start": { "line": 10, "column": 0 }, "end": { "line": 10, "column": 16 } },
      "10": { "start": { "line": 11, "column": 0 }, "end": { "line": 11, "column": 16 } },
      "11": { "start": { "line": 12, "column": 0 }, "end": { "line": 12, "column": 10 } },
      "13": { "start": { "line": 14, "column": 0 }, "end": { "line": 14, "column": 2 } }
    },
    "s": { "0": 0, "5": 0, "6": 0, "7": 0, "8": 0, "9": 0, "10": 0, "11": 0, "13": 0 },
    "branchMap": {
      "0": {
        "type": "branch",
        "line": 1,
        "loc": { "start": { "line": 1, "column": 259 }, "end": { "line": 14, "column": 2 } },
        "locations": [{ "start": { "line": 1, "column": 259 }, "end": { "line": 14, "column": 2 } }]
      }
    },
    "b": { "0": [0] },
    "fnMap": {
      "0": {
        "name": "(empty-report)",
        "decl": { "start": { "line": 1, "column": 259 }, "end": { "line": 14, "column": 2 } },
        "loc": { "start": { "line": 1, "column": 259 }, "end": { "line": 14, "column": 2 } },
        "line": 1
      }
    },
    "f": { "0": 0 }
  },
  "/Users/patryk/Workspace/bottega/webcon/webapp-tests/src/components/Layout/Menu.tsx": {
    "path": "/Users/patryk/Workspace/bottega/webcon/webapp-tests/src/components/Layout/Menu.tsx",
    "all": true,
    "statementMap": {
      "0": { "start": { "line": 1, "column": 0 }, "end": { "line": 1, "column": 43 } },
      "4": { "start": { "line": 5, "column": 0 }, "end": { "line": 5, "column": 27 } },
      "5": { "start": { "line": 6, "column": 0 }, "end": { "line": 6, "column": 10 } },
      "6": { "start": { "line": 7, "column": 0 }, "end": { "line": 7, "column": 77 } },
      "7": { "start": { "line": 8, "column": 0 }, "end": { "line": 8, "column": 11 } },
      "8": { "start": { "line": 9, "column": 0 }, "end": { "line": 9, "column": 34 } },
      "9": { "start": { "line": 10, "column": 0 }, "end": { "line": 10, "column": 31 } },
      "10": { "start": { "line": 11, "column": 0 }, "end": { "line": 11, "column": 20 } },
      "11": { "start": { "line": 12, "column": 0 }, "end": { "line": 12, "column": 34 } },
      "12": { "start": { "line": 13, "column": 0 }, "end": { "line": 13, "column": 91 } },
      "13": { "start": { "line": 14, "column": 0 }, "end": { "line": 14, "column": 13 } },
      "15": { "start": { "line": 16, "column": 0 }, "end": { "line": 16, "column": 22 } },
      "16": { "start": { "line": 17, "column": 0 }, "end": { "line": 17, "column": 15 } },
      "17": { "start": { "line": 18, "column": 0 }, "end": { "line": 18, "column": 31 } },
      "18": { "start": { "line": 19, "column": 0 }, "end": { "line": 19, "column": 20 } },
      "19": { "start": { "line": 20, "column": 0 }, "end": { "line": 20, "column": 40 } },
      "20": { "start": { "line": 21, "column": 0 }, "end": { "line": 21, "column": 91 } },
      "21": { "start": { "line": 22, "column": 0 }, "end": { "line": 22, "column": 13 } },
      "23": { "start": { "line": 24, "column": 0 }, "end": { "line": 24, "column": 22 } },
      "24": { "start": { "line": 25, "column": 0 }, "end": { "line": 25, "column": 15 } },
      "25": { "start": { "line": 26, "column": 0 }, "end": { "line": 26, "column": 31 } },
      "26": { "start": { "line": 27, "column": 0 }, "end": { "line": 27, "column": 20 } },
      "27": { "start": { "line": 28, "column": 0 }, "end": { "line": 28, "column": 38 } },
      "28": { "start": { "line": 29, "column": 0 }, "end": { "line": 29, "column": 91 } },
      "29": { "start": { "line": 30, "column": 0 }, "end": { "line": 30, "column": 13 } },
      "31": { "start": { "line": 32, "column": 0 }, "end": { "line": 32, "column": 22 } },
      "32": { "start": { "line": 33, "column": 0 }, "end": { "line": 33, "column": 15 } },
      "33": { "start": { "line": 34, "column": 0 }, "end": { "line": 34, "column": 13 } },
      "34": { "start": { "line": 35, "column": 0 }, "end": { "line": 35, "column": 12 } },
      "35": { "start": { "line": 36, "column": 0 }, "end": { "line": 36, "column": 10 } },
      "37": { "start": { "line": 38, "column": 0 }, "end": { "line": 38, "column": 2 } }
    },
    "s": {
      "0": 0,
      "4": 0,
      "5": 0,
      "6": 0,
      "7": 0,
      "8": 0,
      "9": 0,
      "10": 0,
      "11": 0,
      "12": 0,
      "13": 0,
      "15": 0,
      "16": 0,
      "17": 0,
      "18": 0,
      "19": 0,
      "20": 0,
      "21": 0,
      "23": 0,
      "24": 0,
      "25": 0,
      "26": 0,
      "27": 0,
      "28": 0,
      "29": 0,
      "31": 0,
      "32": 0,
      "33": 0,
      "34": 0,
      "35": 0,
      "37": 0
    },
    "branchMap": {
      "0": {
        "type": "branch",
        "line": 1,
        "loc": { "start": { "line": 1, "column": 0 }, "end": { "line": 38, "column": -769 } },
        "locations": [
          { "start": { "line": 1, "column": 0 }, "end": { "line": 38, "column": -769 } }
        ]
      }
    },
    "b": { "0": [0] },
    "fnMap": {
      "0": {
        "name": "(empty-report)",
        "decl": { "start": { "line": 1, "column": 0 }, "end": { "line": 38, "column": -769 } },
        "loc": { "start": { "line": 1, "column": 0 }, "end": { "line": 38, "column": -769 } },
        "line": 1
      }
    },
    "f": { "0": 0 }
  },
  "/Users/patryk/Workspace/bottega/webcon/webapp-tests/src/components/Layout/index.ts": {
    "path": "/Users/patryk/Workspace/bottega/webcon/webapp-tests/src/components/Layout/index.ts",
    "all": true,
    "statementMap": {
      "0": { "start": { "line": 1, "column": 0 }, "end": { "line": 1, "column": 34 } }
    },
    "s": { "0": 0 },
    "branchMap": {
      "0": {
        "type": "branch",
        "line": 1,
        "loc": { "start": { "line": 1, "column": 0 }, "end": { "line": 1, "column": 34 } },
        "locations": [{ "start": { "line": 1, "column": 0 }, "end": { "line": 1, "column": 34 } }]
      }
    },
    "b": { "0": [0] },
    "fnMap": {
      "0": {
        "name": "(empty-report)",
        "decl": { "start": { "line": 1, "column": 0 }, "end": { "line": 1, "column": 34 } },
        "loc": { "start": { "line": 1, "column": 0 }, "end": { "line": 1, "column": 34 } },
        "line": 1
      }
    },
    "f": { "0": 0 }
  },
  "/Users/patryk/Workspace/bottega/webcon/webapp-tests/src/pages/HomePage.tsx": {
    "path": "/Users/patryk/Workspace/bottega/webcon/webapp-tests/src/pages/HomePage.tsx",
    "all": true,
    "statementMap": {
      "0": { "start": { "line": 1, "column": 0 }, "end": { "line": 1, "column": 31 } },
      "1": { "start": { "line": 2, "column": 0 }, "end": { "line": 2, "column": 10 } },
      "2": { "start": { "line": 3, "column": 0 }, "end": { "line": 3, "column": 9 } },
      "3": { "start": { "line": 4, "column": 0 }, "end": { "line": 4, "column": 30 } },
      "4": { "start": { "line": 5, "column": 0 }, "end": { "line": 5, "column": 10 } },
      "6": { "start": { "line": 7, "column": 0 }, "end": { "line": 7, "column": 2 } }
    },
    "s": { "0": 0, "1": 0, "2": 0, "3": 0, "4": 0, "6": 0 },
    "branchMap": {
      "0": {
        "type": "branch",
        "line": 1,
        "loc": { "start": { "line": 1, "column": 0 }, "end": { "line": 7, "column": -93 } },
        "locations": [{ "start": { "line": 1, "column": 0 }, "end": { "line": 7, "column": -93 } }]
      }
    },
    "b": { "0": [0] },
    "fnMap": {
      "0": {
        "name": "(empty-report)",
        "decl": { "start": { "line": 1, "column": 0 }, "end": { "line": 7, "column": -93 } },
        "loc": { "start": { "line": 1, "column": 0 }, "end": { "line": 7, "column": -93 } },
        "line": 1
      }
    },
    "f": { "0": 0 }
  },
  "/Users/patryk/Workspace/bottega/webcon/webapp-tests/src/stories/Button.stories.ts": {
    "path": "/Users/patryk/Workspace/bottega/webcon/webapp-tests/src/stories/Button.stories.ts",
    "all": true,
    "statementMap": {
      "0": { "start": { "line": 1, "column": 0 }, "end": { "line": 1, "column": 55 } },
      "6": { "start": { "line": 7, "column": 0 }, "end": { "line": 7, "column": 14 } },
      "7": { "start": { "line": 8, "column": 0 }, "end": { "line": 8, "column": 26 } },
      "8": { "start": { "line": 9, "column": 0 }, "end": { "line": 9, "column": 20 } },
      "9": { "start": { "line": 10, "column": 0 }, "end": { "line": 10, "column": 15 } },
      "11": { "start": { "line": 12, "column": 0 }, "end": { "line": 12, "column": 23 } },
      "12": { "start": { "line": 13, "column": 0 }, "end": { "line": 13, "column": 4 } },
      "14": { "start": { "line": 15, "column": 0 }, "end": { "line": 15, "column": 21 } },
      "16": { "start": { "line": 17, "column": 0 }, "end": { "line": 17, "column": 13 } },
      "17": { "start": { "line": 18, "column": 0 }, "end": { "line": 18, "column": 42 } },
      "18": { "start": { "line": 19, "column": 0 }, "end": { "line": 19, "column": 4 } },
      "20": { "start": { "line": 21, "column": 0 }, "end": { "line": 21, "column": 26 } },
      "21": { "start": { "line": 22, "column": 0 }, "end": { "line": 22, "column": 32 } },
      "23": { "start": { "line": 24, "column": 0 }, "end": { "line": 24, "column": 20 } },
      "27": { "start": { "line": 28, "column": 0 }, "end": { "line": 28, "column": 31 } },
      "28": { "start": { "line": 29, "column": 0 }, "end": { "line": 29, "column": 9 } },
      "29": { "start": { "line": 30, "column": 0 }, "end": { "line": 30, "column": 18 } },
      "30": { "start": { "line": 31, "column": 0 }, "end": { "line": 31, "column": 20 } },
      "31": { "start": { "line": 32, "column": 0 }, "end": { "line": 32, "column": 4 } },
      "32": { "start": { "line": 33, "column": 0 }, "end": { "line": 33, "column": 2 } },
      "34": { "start": { "line": 35, "column": 0 }, "end": { "line": 35, "column": 33 } },
      "35": { "start": { "line": 36, "column": 0 }, "end": { "line": 36, "column": 9 } },
      "36": { "start": { "line": 37, "column": 0 }, "end": { "line": 37, "column": 20 } },
      "37": { "start": { "line": 38, "column": 0 }, "end": { "line": 38, "column": 4 } },
      "38": { "start": { "line": 39, "column": 0 }, "end": { "line": 39, "column": 2 } },
      "40": { "start": { "line": 41, "column": 0 }, "end": { "line": 41, "column": 29 } },
      "41": { "start": { "line": 42, "column": 0 }, "end": { "line": 42, "column": 9 } },
      "42": { "start": { "line": 43, "column": 0 }, "end": { "line": 43, "column": 18 } },
      "43": { "start": { "line": 44, "column": 0 }, "end": { "line": 44, "column": 20 } },
      "44": { "start": { "line": 45, "column": 0 }, "end": { "line": 45, "column": 4 } },
      "45": { "start": { "line": 46, "column": 0 }, "end": { "line": 46, "column": 2 } },
      "47": { "start": { "line": 48, "column": 0 }, "end": { "line": 48, "column": 29 } },
      "48": { "start": { "line": 49, "column": 0 }, "end": { "line": 49, "column": 9 } },
      "49": { "start": { "line": 50, "column": 0 }, "end": { "line": 50, "column": 18 } },
      "50": { "start": { "line": 51, "column": 0 }, "end": { "line": 51, "column": 20 } },
      "51": { "start": { "line": 52, "column": 0 }, "end": { "line": 52, "column": 4 } },
      "52": { "start": { "line": 53, "column": 0 }, "end": { "line": 53, "column": 2 } }
    },
    "s": {
      "0": 0,
      "6": 0,
      "7": 0,
      "8": 0,
      "9": 0,
      "11": 0,
      "12": 0,
      "14": 0,
      "16": 0,
      "17": 0,
      "18": 0,
      "20": 0,
      "21": 0,
      "23": 0,
      "27": 0,
      "28": 0,
      "29": 0,
      "30": 0,
      "31": 0,
      "32": 0,
      "34": 0,
      "35": 0,
      "36": 0,
      "37": 0,
      "38": 0,
      "40": 0,
      "41": 0,
      "42": 0,
      "43": 0,
      "44": 0,
      "45": 0,
      "47": 0,
      "48": 0,
      "49": 0,
      "50": 0,
      "51": 0,
      "52": 0
    },
    "branchMap": {
      "0": {
        "type": "branch",
        "line": 1,
        "loc": { "start": { "line": 1, "column": 1445 }, "end": { "line": 53, "column": 2 } },
        "locations": [
          { "start": { "line": 1, "column": 1445 }, "end": { "line": 53, "column": 2 } }
        ]
      }
    },
    "b": { "0": [0] },
    "fnMap": {
      "0": {
        "name": "(empty-report)",
        "decl": { "start": { "line": 1, "column": 1445 }, "end": { "line": 53, "column": 2 } },
        "loc": { "start": { "line": 1, "column": 1445 }, "end": { "line": 53, "column": 2 } },
        "line": 1
      }
    },
    "f": { "0": 0 }
  },
  "/Users/patryk/Workspace/bottega/webcon/webapp-tests/src/stories/Button.tsx": {
    "path": "/Users/patryk/Workspace/bottega/webcon/webapp-tests/src/stories/Button.tsx",
    "all": true,
    "statementMap": {
      "0": { "start": { "line": 1, "column": 0 }, "end": { "line": 1, "column": 26 } },
      "18": { "start": { "line": 19, "column": 0 }, "end": { "line": 19, "column": 24 } },
      "19": { "start": { "line": 20, "column": 0 }, "end": { "line": 20, "column": 18 } },
      "20": { "start": { "line": 21, "column": 0 }, "end": { "line": 21, "column": 18 } },
      "21": { "start": { "line": 22, "column": 0 }, "end": { "line": 22, "column": 18 } },
      "22": { "start": { "line": 23, "column": 0 }, "end": { "line": 23, "column": 8 } },
      "23": { "start": { "line": 24, "column": 0 }, "end": { "line": 24, "column": 10 } },
      "24": { "start": { "line": 25, "column": 0 }, "end": { "line": 25, "column": 20 } },
      "25": { "start": { "line": 26, "column": 0 }, "end": { "line": 26, "column": 85 } },
      "26": { "start": { "line": 27, "column": 0 }, "end": { "line": 27, "column": 10 } },
      "27": { "start": { "line": 28, "column": 0 }, "end": { "line": 28, "column": 11 } },
      "28": { "start": { "line": 29, "column": 0 }, "end": { "line": 29, "column": 19 } },
      "29": { "start": { "line": 30, "column": 0 }, "end": { "line": 30, "column": 83 } },
      "30": { "start": { "line": 31, "column": 0 }, "end": { "line": 31, "column": 33 } },
      "31": { "start": { "line": 32, "column": 0 }, "end": { "line": 32, "column": 16 } },
      "33": { "start": { "line": 34, "column": 0 }, "end": { "line": 34, "column": 13 } },
      "34": { "start": { "line": 35, "column": 0 }, "end": { "line": 35, "column": 13 } },
      "36": { "start": { "line": 37, "column": 0 }, "end": { "line": 37, "column": 2 } }
    },
    "s": {
      "0": 0,
      "18": 0,
      "19": 0,
      "20": 0,
      "21": 0,
      "22": 0,
      "23": 0,
      "24": 0,
      "25": 0,
      "26": 0,
      "27": 0,
      "28": 0,
      "29": 0,
      "30": 0,
      "31": 0,
      "33": 0,
      "34": 0,
      "36": 0
    },
    "branchMap": {
      "0": {
        "type": "branch",
        "line": 1,
        "loc": { "start": { "line": 1, "column": 887 }, "end": { "line": 37, "column": 2 } },
        "locations": [{ "start": { "line": 1, "column": 887 }, "end": { "line": 37, "column": 2 } }]
      }
    },
    "b": { "0": [0] },
    "fnMap": {
      "0": {
        "name": "(empty-report)",
        "decl": { "start": { "line": 1, "column": 887 }, "end": { "line": 37, "column": 2 } },
        "loc": { "start": { "line": 1, "column": 887 }, "end": { "line": 37, "column": 2 } },
        "line": 1
      }
    },
    "f": { "0": 0 }
  },
  "/Users/patryk/Workspace/bottega/webcon/webapp-tests/src/stories/Header.stories.ts": {
    "path": "/Users/patryk/Workspace/bottega/webcon/webapp-tests/src/stories/Header.stories.ts",
    "all": true,
    "statementMap": {
      "0": { "start": { "line": 1, "column": 0 }, "end": { "line": 1, "column": 55 } },
      "5": { "start": { "line": 6, "column": 0 }, "end": { "line": 6, "column": 14 } },
      "6": { "start": { "line": 7, "column": 0 }, "end": { "line": 7, "column": 26 } },
      "7": { "start": { "line": 8, "column": 0 }, "end": { "line": 8, "column": 20 } },
      "9": { "start": { "line": 10, "column": 0 }, "end": { "line": 10, "column": 21 } },
      "10": { "start": { "line": 11, "column": 0 }, "end": { "line": 11, "column": 15 } },
      "12": { "start": { "line": 13, "column": 0 }, "end": { "line": 13, "column": 25 } },
      "13": { "start": { "line": 14, "column": 0 }, "end": { "line": 14, "column": 4 } },
      "14": { "start": { "line": 15, "column": 0 }, "end": { "line": 15, "column": 9 } },
      "15": { "start": { "line": 16, "column": 0 }, "end": { "line": 16, "column": 18 } },
      "16": { "start": { "line": 17, "column": 0 }, "end": { "line": 17, "column": 19 } },
      "17": { "start": { "line": 18, "column": 0 }, "end": { "line": 18, "column": 26 } },
      "18": { "start": { "line": 19, "column": 0 }, "end": { "line": 19, "column": 4 } },
      "19": { "start": { "line": 20, "column": 0 }, "end": { "line": 20, "column": 32 } },
      "21": { "start": { "line": 22, "column": 0 }, "end": { "line": 22, "column": 20 } },
      "24": { "start": { "line": 25, "column": 0 }, "end": { "line": 25, "column": 32 } },
      "25": { "start": { "line": 26, "column": 0 }, "end": { "line": 26, "column": 9 } },
      "26": { "start": { "line": 27, "column": 0 }, "end": { "line": 27, "column": 11 } },
      "27": { "start": { "line": 28, "column": 0 }, "end": { "line": 28, "column": 23 } },
      "28": { "start": { "line": 29, "column": 0 }, "end": { "line": 29, "column": 6 } },
      "29": { "start": { "line": 30, "column": 0 }, "end": { "line": 30, "column": 4 } },
      "30": { "start": { "line": 31, "column": 0 }, "end": { "line": 31, "column": 2 } },
      "32": { "start": { "line": 33, "column": 0 }, "end": { "line": 33, "column": 35 } }
    },
    "s": {
      "0": 0,
      "5": 0,
      "6": 0,
      "7": 0,
      "9": 0,
      "10": 0,
      "12": 0,
      "13": 0,
      "14": 0,
      "15": 0,
      "16": 0,
      "17": 0,
      "18": 0,
      "19": 0,
      "21": 0,
      "24": 0,
      "25": 0,
      "26": 0,
      "27": 0,
      "28": 0,
      "29": 0,
      "30": 0,
      "32": 0
    },
    "branchMap": {
      "0": {
        "type": "branch",
        "line": 1,
        "loc": { "start": { "line": 1, "column": 0 }, "end": { "line": 33, "column": -64 } },
        "locations": [{ "start": { "line": 1, "column": 0 }, "end": { "line": 33, "column": -64 } }]
      }
    },
    "b": { "0": [0] },
    "fnMap": {
      "0": {
        "name": "(empty-report)",
        "decl": { "start": { "line": 1, "column": 0 }, "end": { "line": 33, "column": -64 } },
        "loc": { "start": { "line": 1, "column": 0 }, "end": { "line": 33, "column": -64 } },
        "line": 1
      }
    },
    "f": { "0": 0 }
  },
  "/Users/patryk/Workspace/bottega/webcon/webapp-tests/src/stories/Header.tsx": {
    "path": "/Users/patryk/Workspace/bottega/webcon/webapp-tests/src/stories/Header.tsx",
    "all": true,
    "statementMap": {
      "0": { "start": { "line": 1, "column": 0 }, "end": { "line": 1, "column": 26 } },
      "16": { "start": { "line": 17, "column": 0 }, "end": { "line": 17, "column": 86 } },
      "17": { "start": { "line": 18, "column": 0 }, "end": { "line": 18, "column": 10 } },
      "18": { "start": { "line": 19, "column": 0 }, "end": { "line": 19, "column": 38 } },
      "19": { "start": { "line": 20, "column": 0 }, "end": { "line": 20, "column": 11 } },
      "20": { "start": { "line": 21, "column": 0 }, "end": { "line": 21, "column": 91 } },
      "21": { "start": { "line": 22, "column": 0 }, "end": { "line": 22, "column": 44 } },
      "22": { "start": { "line": 23, "column": 0 }, "end": { "line": 23, "column": 17 } },
      "23": { "start": { "line": 24, "column": 0 }, "end": { "line": 24, "column": 99 } },
      "24": { "start": { "line": 25, "column": 0 }, "end": { "line": 25, "column": 25 } },
      "25": { "start": { "line": 26, "column": 0 }, "end": { "line": 26, "column": 14 } },
      "26": { "start": { "line": 27, "column": 0 }, "end": { "line": 27, "column": 17 } },
      "27": { "start": { "line": 28, "column": 0 }, "end": { "line": 28, "column": 82 } },
      "28": { "start": { "line": 29, "column": 0 }, "end": { "line": 29, "column": 28 } },
      "29": { "start": { "line": 30, "column": 0 }, "end": { "line": 30, "column": 14 } },
      "30": { "start": { "line": 31, "column": 0 }, "end": { "line": 31, "column": 17 } },
      "31": { "start": { "line": 32, "column": 0 }, "end": { "line": 32, "column": 80 } },
      "32": { "start": { "line": 33, "column": 0 }, "end": { "line": 33, "column": 28 } },
      "33": { "start": { "line": 34, "column": 0 }, "end": { "line": 34, "column": 14 } },
      "34": { "start": { "line": 35, "column": 0 }, "end": { "line": 35, "column": 14 } },
      "35": { "start": { "line": 36, "column": 0 }, "end": { "line": 36, "column": 14 } },
      "36": { "start": { "line": 37, "column": 0 }, "end": { "line": 37, "column": 21 } },
      "37": { "start": { "line": 38, "column": 0 }, "end": { "line": 38, "column": 12 } },
      "38": { "start": { "line": 39, "column": 0 }, "end": { "line": 39, "column": 11 } },
      "39": { "start": { "line": 40, "column": 0 }, "end": { "line": 40, "column": 17 } },
      "40": { "start": { "line": 41, "column": 0 }, "end": { "line": 41, "column": 12 } },
      "41": { "start": { "line": 42, "column": 0 }, "end": { "line": 42, "column": 38 } },
      "42": { "start": { "line": 43, "column": 0 }, "end": { "line": 43, "column": 42 } },
      "43": { "start": { "line": 44, "column": 0 }, "end": { "line": 44, "column": 19 } },
      "44": { "start": { "line": 45, "column": 0 }, "end": { "line": 45, "column": 70 } },
      "45": { "start": { "line": 46, "column": 0 }, "end": { "line": 46, "column": 13 } },
      "47": { "start": { "line": 48, "column": 0 }, "end": { "line": 48, "column": 12 } },
      "48": { "start": { "line": 49, "column": 0 }, "end": { "line": 49, "column": 68 } },
      "49": { "start": { "line": 50, "column": 0 }, "end": { "line": 50, "column": 85 } },
      "50": { "start": { "line": 51, "column": 0 }, "end": { "line": 51, "column": 13 } },
      "52": { "start": { "line": 53, "column": 0 }, "end": { "line": 53, "column": 12 } },
      "53": { "start": { "line": 54, "column": 0 }, "end": { "line": 54, "column": 10 } },
      "54": { "start": { "line": 55, "column": 0 }, "end": { "line": 55, "column": 11 } }
    },
    "s": {
      "0": 0,
      "16": 0,
      "17": 0,
      "18": 0,
      "19": 0,
      "20": 0,
      "21": 0,
      "22": 0,
      "23": 0,
      "24": 0,
      "25": 0,
      "26": 0,
      "27": 0,
      "28": 0,
      "29": 0,
      "30": 0,
      "31": 0,
      "32": 0,
      "33": 0,
      "34": 0,
      "35": 0,
      "36": 0,
      "37": 0,
      "38": 0,
      "39": 0,
      "40": 0,
      "41": 0,
      "42": 0,
      "43": 0,
      "44": 0,
      "45": 0,
      "47": 0,
      "48": 0,
      "49": 0,
      "50": 0,
      "52": 0,
      "53": 0,
      "54": 0
    },
    "branchMap": {
      "0": {
        "type": "branch",
        "line": 1,
        "loc": { "start": { "line": 1, "column": 0 }, "end": { "line": 56, "column": -813 } },
        "locations": [
          { "start": { "line": 1, "column": 0 }, "end": { "line": 56, "column": -813 } }
        ]
      }
    },
    "b": { "0": [0] },
    "fnMap": {
      "0": {
        "name": "(empty-report)",
        "decl": { "start": { "line": 1, "column": 0 }, "end": { "line": 56, "column": -813 } },
        "loc": { "start": { "line": 1, "column": 0 }, "end": { "line": 56, "column": -813 } },
        "line": 1
      }
    },
    "f": { "0": 0 }
  },
  "/Users/patryk/Workspace/bottega/webcon/webapp-tests/src/stories/Page.stories.ts": {
    "path": "/Users/patryk/Workspace/bottega/webcon/webapp-tests/src/stories/Page.stories.ts",
    "all": true,
    "statementMap": {
      "0": { "start": { "line": 1, "column": 0 }, "end": { "line": 1, "column": 55 } },
      "5": { "start": { "line": 6, "column": 0 }, "end": { "line": 6, "column": 14 } },
      "6": { "start": { "line": 7, "column": 0 }, "end": { "line": 7, "column": 24 } },
      "7": { "start": { "line": 8, "column": 0 }, "end": { "line": 8, "column": 18 } },
      "8": { "start": { "line": 9, "column": 0 }, "end": { "line": 9, "column": 15 } },
      "10": { "start": { "line": 11, "column": 0 }, "end": { "line": 11, "column": 25 } },
      "11": { "start": { "line": 12, "column": 0 }, "end": { "line": 12, "column": 4 } },
      "12": { "start": { "line": 13, "column": 0 }, "end": { "line": 13, "column": 30 } },
      "14": { "start": { "line": 15, "column": 0 }, "end": { "line": 15, "column": 20 } },
      "17": { "start": { "line": 18, "column": 0 }, "end": { "line": 18, "column": 35 } },
      "20": { "start": { "line": 21, "column": 0 }, "end": { "line": 21, "column": 32 } },
      "21": { "start": { "line": 22, "column": 0 }, "end": { "line": 22, "column": 38 } },
      "22": { "start": { "line": 23, "column": 0 }, "end": { "line": 23, "column": 41 } },
      "23": { "start": { "line": 24, "column": 0 }, "end": { "line": 24, "column": 72 } },
      "24": { "start": { "line": 25, "column": 0 }, "end": { "line": 25, "column": 50 } },
      "25": { "start": { "line": 26, "column": 0 }, "end": { "line": 26, "column": 39 } },
      "26": { "start": { "line": 27, "column": 0 }, "end": { "line": 27, "column": 54 } },
      "28": { "start": { "line": 29, "column": 0 }, "end": { "line": 29, "column": 74 } },
      "29": { "start": { "line": 30, "column": 0 }, "end": { "line": 30, "column": 51 } },
      "30": { "start": { "line": 31, "column": 0 }, "end": { "line": 31, "column": 4 } },
      "31": { "start": { "line": 32, "column": 0 }, "end": { "line": 32, "column": 2 } }
    },
    "s": {
      "0": 0,
      "5": 0,
      "6": 0,
      "7": 0,
      "8": 0,
      "10": 0,
      "11": 0,
      "12": 0,
      "14": 0,
      "17": 0,
      "20": 0,
      "21": 0,
      "22": 0,
      "23": 0,
      "24": 0,
      "25": 0,
      "26": 0,
      "28": 0,
      "29": 0,
      "30": 0,
      "31": 0
    },
    "branchMap": {
      "0": {
        "type": "branch",
        "line": 1,
        "loc": { "start": { "line": 1, "column": 0 }, "end": { "line": 32, "column": -136 } },
        "locations": [
          { "start": { "line": 1, "column": 0 }, "end": { "line": 32, "column": -136 } }
        ]
      }
    },
    "b": { "0": [0] },
    "fnMap": {
      "0": {
        "name": "(empty-report)",
        "decl": { "start": { "line": 1, "column": 0 }, "end": { "line": 32, "column": -136 } },
        "loc": { "start": { "line": 1, "column": 0 }, "end": { "line": 32, "column": -136 } },
        "line": 1
      }
    },
    "f": { "0": 0 }
  },
  "/Users/patryk/Workspace/bottega/webcon/webapp-tests/src/stories/Page.tsx": {
    "path": "/Users/patryk/Workspace/bottega/webcon/webapp-tests/src/stories/Page.tsx",
    "all": true,
    "statementMap": {
      "0": { "start": { "line": 1, "column": 0 }, "end": { "line": 1, "column": 26 } },
      "9": { "start": { "line": 10, "column": 0 }, "end": { "line": 10, "column": 37 } },
      "10": { "start": { "line": 11, "column": 0 }, "end": { "line": 11, "column": 49 } },
      "12": { "start": { "line": 13, "column": 0 }, "end": { "line": 13, "column": 10 } },
      "13": { "start": { "line": 14, "column": 0 }, "end": { "line": 14, "column": 13 } },
      "14": { "start": { "line": 15, "column": 0 }, "end": { "line": 15, "column": 13 } },
      "15": { "start": { "line": 16, "column": 0 }, "end": { "line": 16, "column": 19 } },
      "16": { "start": { "line": 17, "column": 0 }, "end": { "line": 17, "column": 53 } },
      "17": { "start": { "line": 18, "column": 0 }, "end": { "line": 18, "column": 43 } },
      "18": { "start": { "line": 19, "column": 0 }, "end": { "line": 19, "column": 61 } },
      "19": { "start": { "line": 20, "column": 0 }, "end": { "line": 20, "column": 8 } },
      "21": { "start": { "line": 22, "column": 0 }, "end": { "line": 22, "column": 42 } },
      "22": { "start": { "line": 23, "column": 0 }, "end": { "line": 23, "column": 35 } },
      "23": { "start": { "line": 24, "column": 0 }, "end": { "line": 24, "column": 11 } },
      "24": { "start": { "line": 25, "column": 0 }, "end": { "line": 25, "column": 47 } },
      "25": { "start": { "line": 26, "column": 0 }, "end": { "line": 26, "column": 90 } },
      "26": { "start": { "line": 27, "column": 0 }, "end": { "line": 27, "column": 45 } },
      "27": { "start": { "line": 28, "column": 0 }, "end": { "line": 28, "column": 19 } },
      "29": { "start": { "line": 30, "column": 0 }, "end": { "line": 30, "column": 12 } },
      "30": { "start": { "line": 31, "column": 0 }, "end": { "line": 31, "column": 11 } },
      "34": { "start": { "line": 35, "column": 0 }, "end": { "line": 35, "column": 12 } },
      "35": { "start": { "line": 36, "column": 0 }, "end": { "line": 36, "column": 12 } },
      "36": { "start": { "line": 37, "column": 0 }, "end": { "line": 37, "column": 14 } },
      "39": { "start": { "line": 40, "column": 0 }, "end": { "line": 40, "column": 15 } },
      "40": { "start": { "line": 41, "column": 0 }, "end": { "line": 41, "column": 14 } },
      "43": { "start": { "line": 44, "column": 0 }, "end": { "line": 44, "column": 15 } },
      "44": { "start": { "line": 45, "column": 0 }, "end": { "line": 45, "column": 13 } },
      "45": { "start": { "line": 46, "column": 0 }, "end": { "line": 46, "column": 11 } },
      "46": { "start": { "line": 47, "column": 0 }, "end": { "line": 47, "column": 71 } },
      "47": { "start": { "line": 48, "column": 0 }, "end": { "line": 48, "column": 98 } },
      "49": { "start": { "line": 50, "column": 0 }, "end": { "line": 50, "column": 14 } },
      "50": { "start": { "line": 51, "column": 0 }, "end": { "line": 51, "column": 33 } },
      "51": { "start": { "line": 52, "column": 0 }, "end": { "line": 52, "column": 92 } },
      "53": { "start": { "line": 54, "column": 0 }, "end": { "line": 54, "column": 14 } },
      "55": { "start": { "line": 56, "column": 0 }, "end": { "line": 56, "column": 12 } },
      "56": { "start": { "line": 57, "column": 0 }, "end": { "line": 57, "column": 37 } },
      "57": { "start": { "line": 58, "column": 0 }, "end": { "line": 58, "column": 87 } },
      "58": { "start": { "line": 59, "column": 0 }, "end": { "line": 59, "column": 93 } },
      "59": { "start": { "line": 60, "column": 0 }, "end": { "line": 60, "column": 46 } },
      "60": { "start": { "line": 61, "column": 0 }, "end": { "line": 61, "column": 19 } },
      "61": { "start": { "line": 62, "column": 0 }, "end": { "line": 62, "column": 248 } },
      "62": { "start": { "line": 63, "column": 0 }, "end": { "line": 63, "column": 22 } },
      "63": { "start": { "line": 64, "column": 0 }, "end": { "line": 64, "column": 27 } },
      "64": { "start": { "line": 65, "column": 0 }, "end": { "line": 65, "column": 16 } },
      "65": { "start": { "line": 66, "column": 0 }, "end": { "line": 66, "column": 16 } },
      "66": { "start": { "line": 67, "column": 0 }, "end": { "line": 67, "column": 16 } },
      "68": { "start": { "line": 69, "column": 0 }, "end": { "line": 69, "column": 14 } },
      "69": { "start": { "line": 70, "column": 0 }, "end": { "line": 70, "column": 16 } },
      "70": { "start": { "line": 71, "column": 0 }, "end": { "line": 71, "column": 14 } },
      "72": { "start": { "line": 73, "column": 0 }, "end": { "line": 73, "column": 2 } }
    },
    "s": {
      "0": 0,
      "9": 0,
      "10": 0,
      "12": 0,
      "13": 0,
      "14": 0,
      "15": 0,
      "16": 0,
      "17": 0,
      "18": 0,
      "19": 0,
      "21": 0,
      "22": 0,
      "23": 0,
      "24": 0,
      "25": 0,
      "26": 0,
      "27": 0,
      "29": 0,
      "30": 0,
      "34": 0,
      "35": 0,
      "36": 0,
      "39": 0,
      "40": 0,
      "43": 0,
      "44": 0,
      "45": 0,
      "46": 0,
      "47": 0,
      "49": 0,
      "50": 0,
      "51": 0,
      "53": 0,
      "55": 0,
      "56": 0,
      "57": 0,
      "58": 0,
      "59": 0,
      "60": 0,
      "61": 0,
      "62": 0,
      "63": 0,
      "64": 0,
      "65": 0,
      "66": 0,
      "68": 0,
      "69": 0,
      "70": 0,
      "72": 0
    },
    "branchMap": {
      "0": {
        "type": "branch",
        "line": 1,
        "loc": { "start": { "line": 1, "column": 0 }, "end": { "line": 73, "column": -1747 } },
        "locations": [
          { "start": { "line": 1, "column": 0 }, "end": { "line": 73, "column": -1747 } }
        ]
      }
    },
    "b": { "0": [0] },
    "fnMap": {
      "0": {
        "name": "(empty-report)",
        "decl": { "start": { "line": 1, "column": 0 }, "end": { "line": 73, "column": -1747 } },
        "loc": { "start": { "line": 1, "column": 0 }, "end": { "line": 73, "column": -1747 } },
        "line": 1
      }
    },
    "f": { "0": 0 }
  },
  "/Users/patryk/Workspace/bottega/webcon/webapp-tests/src/ui/index.ts": {
    "path": "/Users/patryk/Workspace/bottega/webcon/webapp-tests/src/ui/index.ts",
    "all": true,
    "statementMap": {
      "0": { "start": { "line": 1, "column": 0 }, "end": { "line": 1, "column": 27 } }
    },
    "s": { "0": 0 },
    "branchMap": {
      "0": {
        "type": "branch",
        "line": 1,
        "loc": { "start": { "line": 1, "column": 0 }, "end": { "line": 1, "column": 14 } },
        "locations": [{ "start": { "line": 1, "column": 0 }, "end": { "line": 1, "column": 14 } }]
      }
    },
    "b": { "0": [0] },
    "fnMap": {
      "0": {
        "name": "(empty-report)",
        "decl": { "start": { "line": 1, "column": 0 }, "end": { "line": 1, "column": 14 } },
        "loc": { "start": { "line": 1, "column": 0 }, "end": { "line": 1, "column": 14 } },
        "line": 1
      }
    },
    "f": { "0": 0 }
  },
  "/Users/patryk/Workspace/bottega/webcon/webapp-tests/src/ui/utils/cn.ts": {
    "path": "/Users/patryk/Workspace/bottega/webcon/webapp-tests/src/ui/utils/cn.ts",
    "all": true,
    "statementMap": {
      "0": { "start": { "line": 1, "column": 0 }, "end": { "line": 1, "column": 41 } },
      "3": { "start": { "line": 4, "column": 0 }, "end": { "line": 4, "column": 56 } },
      "4": { "start": { "line": 5, "column": 0 }, "end": { "line": 5, "column": 31 } },
      "5": { "start": { "line": 6, "column": 0 }, "end": { "line": 6, "column": 2 } }
    },
    "s": { "0": 0, "3": 0, "4": 0, "5": 0 },
    "branchMap": {
      "0": {
        "type": "branch",
        "line": 1,
        "loc": { "start": { "line": 1, "column": 180 }, "end": { "line": 6, "column": 2 } },
        "locations": [{ "start": { "line": 1, "column": 180 }, "end": { "line": 6, "column": 2 } }]
      }
    },
    "b": { "0": [0] },
    "fnMap": {
      "0": {
        "name": "(empty-report)",
        "decl": { "start": { "line": 1, "column": 180 }, "end": { "line": 6, "column": 2 } },
        "loc": { "start": { "line": 1, "column": 180 }, "end": { "line": 6, "column": 2 } },
        "line": 1
      }
    },
    "f": { "0": 0 }
  }
}
